\BOOKMARK [0][-]{chapter.1}{Introduction}{}% 1
\BOOKMARK [1][-]{section.1.1}{Background}{chapter.1}% 2
\BOOKMARK [1][-]{section.1.2}{Statement of Problem}{chapter.1}% 3
\BOOKMARK [2][-]{subsection.1.2.1}{Selection of Prediction Score}{section.1.2}% 4
\BOOKMARK [2][-]{subsection.1.2.2}{Selection of Features}{section.1.2}% 5
\BOOKMARK [1][-]{section.1.3}{Objectives}{chapter.1}% 6
\BOOKMARK [1][-]{section.1.4}{Organization of Report}{chapter.1}% 7
\BOOKMARK [2][-]{subsection.1.4.1}{Choosing Method of Interaction}{section.1.4}% 8
\BOOKMARK [2][-]{subsection.1.4.2}{Creating Analogy with Image}{section.1.4}% 9
\BOOKMARK [2][-]{subsection.1.4.3}{Deep Learning Network Selection}{section.1.4}% 10
\BOOKMARK [2][-]{subsection.1.4.4}{Training and Testing}{section.1.4}% 11
\BOOKMARK [0][-]{chapter.2}{Theorical Background}{}% 12
\BOOKMARK [1][-]{section.2.1}{No Free Lunch Algorithm \(NFL\)}{chapter.2}% 13
\BOOKMARK [1][-]{section.2.2}{Literature Review}{chapter.2}% 14
\BOOKMARK [0][-]{chapter.3}{Methodology}{}% 15
\BOOKMARK [1][-]{section.3.1}{System Overview}{chapter.3}% 16
\BOOKMARK [2][-]{subsection.3.1.1}{Data Collection}{section.3.1}% 17
\BOOKMARK [1][-]{section.3.2}{System Block}{chapter.3}% 18
\BOOKMARK [1][-]{section.3.3}{Dataset}{chapter.3}% 19
\BOOKMARK [2][-]{subsection.3.3.1}{KEGG}{section.3.3}% 20
\BOOKMARK [2][-]{subsection.3.3.2}{UniProt and CHEMBL }{section.3.3}% 21
\BOOKMARK [2][-]{subsection.3.3.3}{PSI-BLAST}{section.3.3}% 22
\BOOKMARK [2][-]{subsection.3.3.4}{Residue feature}{section.3.3}% 23
\BOOKMARK [1][-]{section.3.4}{Deep Learning Model}{chapter.3}% 24
\BOOKMARK [2][-]{subsection.3.4.1}{Components description used from Tensorflow \(Keras\)}{section.3.4}% 25
\BOOKMARK [0][-]{chapter.4}{Experiments and Results}{}% 26
\BOOKMARK [1][-]{section.4.1}{Experiments}{chapter.4}% 27
\BOOKMARK [2][-]{subsection.4.1.1}{Features Selection}{section.4.1}% 28
\BOOKMARK [2][-]{subsection.4.1.2}{Implementation}{section.4.1}% 29
\BOOKMARK [1][-]{section.4.2}{Results}{chapter.4}% 30
\BOOKMARK [0][-]{chapter.5}{Limitations and Remaining Works }{}% 31
\BOOKMARK [1][-]{section.5.1}{Limitations}{chapter.5}% 32
\BOOKMARK [1][-]{section.5.2}{Remaining Works}{chapter.5}% 33
\BOOKMARK [0][-]{appendix*.19}{References}{}% 34
